<?xml version="1.0" encoding="UTF-8"?>
<!-- Generated by org.testng.reporters.JUnitXMLReporter -->
<testsuite ignored="2" hostname="Lenova" failures="0" tests="2" name="OrangeHRMLogin" time="14.053" errors="0" timestamp="03 Feb 2024 11:53:14 GMT">
  <testcase classname="testng1.practiceOrangeHRM" name="LaunchApp" time="4.829"/>
  <testcase classname="testng1.practiceOrangeHRM" name="EnterLoginDetails" time="1.957"/>
  <testcase classname="testng1.practiceOrangeHRM" name="VerifyMyInfo" time="0.0">
    <ignored/>
  </testcase> <!-- VerifyMyInfo -->
  <testcase classname="testng1.practiceOrangeHRM" name="NavigateToMyInfo" time="0.0">
    <ignored/>
  </testcase> <!-- NavigateToMyInfo -->
</testsuite> <!-- OrangeHRMLogin -->
