<?xml version="1.0" encoding="UTF-8"?>
<!-- Generated by org.testng.reporters.JUnitXMLReporter -->
<testsuite ignored="0" hostname="Lenova" failures="0" tests="4" name="OrangeHRMMyInfo" time="0.132" errors="0" timestamp="07 Apr 2024 04:25:14 GMT">
  <testcase classname="testng1.practiceOrangeHRM" name="@BeforeTest InitialiseBrowser" time="0.084">
    <failure type="java.lang.NoClassDefFoundError" message="org/apache/logging/log4j/util/Lazy">
      <![CDATA[java.lang.NoClassDefFoundError: org/apache/logging/log4j/util/Lazy
	at org.apache.logging.log4j.core.selector.ClassLoaderContextSelector.<init>(ClassLoaderContextSelector.java:55)
	at org.apache.logging.log4j.core.impl.Log4jContextFactory.createContextSelector(Log4jContextFactory.java:108)
	at org.apache.logging.log4j.core.impl.Log4jContextFactory.<init>(Log4jContextFactory.java:60)
	at java.base/java.lang.Class.newInstance(Class.java:725)
	at org.apache.logging.log4j.LogManager.<clinit>(LogManager.java:95)
	at org.apache.logging.slf4j.Log4jLoggerFactory.getContext(Log4jLoggerFactory.java:54)
	at org.apache.logging.log4j.spi.AbstractLoggerAdapter.getLogger(AbstractLoggerAdapter.java:47)
	at org.apache.logging.slf4j.Log4jLoggerFactory.getLogger(Log4jLoggerFactory.java:32)
	at org.slf4j.LoggerFactory.getLogger(LoggerFactory.java:363)
	at org.slf4j.LoggerFactory.getLogger(LoggerFactory.java:388)
	at io.github.bonigarcia.wdm.WebDriverManager.<clinit>(WebDriverManager.java:162)
	at testng1.practiceOrangeHRM.InitialiseBrowser(practiceOrangeHRM.java:25)
Caused by: java.lang.ClassNotFoundException: org.apache.logging.log4j.util.Lazy
	at java.base/jdk.internal.loader.BuiltinClassLoader.loadClass(BuiltinClassLoader.java:641)
	at java.base/jdk.internal.loader.ClassLoaders$AppClassLoader.loadClass(ClassLoaders.java:188)
	at java.base/java.lang.ClassLoader.loadClass(ClassLoader.java:526)
	... 37 more
... Removed 25 stack frames]]>
    </failure>
  </testcase> <!-- @BeforeTest InitialiseBrowser -->
  <testcase classname="testng1.practiceOrangeHRM" name="@AfterTest TearDown" time="0.0">
    <skipped/>
  </testcase> <!-- @AfterTest TearDown -->
  <testcase classname="testng1.practiceOrangeHRM" name="LaunchApp" time="0.0">
    <skipped/>
  </testcase> <!-- LaunchApp -->
  <testcase classname="testng1.practiceOrangeHRM" name="EnterLoginDetails" time="0.0">
    <skipped/>
  </testcase> <!-- EnterLoginDetails -->
  <testcase classname="testng1.practiceOrangeHRM" name="NavigateToMyInfo" time="0.0">
    <skipped/>
  </testcase> <!-- NavigateToMyInfo -->
  <testcase classname="testng1.practiceOrangeHRM" name="VerifyMyInfo" time="0.0">
    <skipped/>
  </testcase> <!-- VerifyMyInfo -->
</testsuite> <!-- OrangeHRMMyInfo -->
